<?xml version="1.0" encoding="UTF-8"?>
<testsuite name="students.api.AppTest" tests="1" skipped="0" failures="0" errors="0" timestamp="2019-04-30T11:32:22" hostname="ug2c24" time="0.001">
  <properties/>
  <testcase name="testAppHasAGreeting" classname="students.api.AppTest" time="0.001"/>
  <system-out><![CDATA[]]></system-out>
  <system-err><![CDATA[]]></system-err>
</testsuite>
